1611029189601	geckodriver	INFO	Listening on 127.0.0.1:60526
1611029192659	mozrunner::runner	INFO	Running command: "C:\\Program Files\\Mozilla Firefox\\firefox.exe" "--marionette" "-foreground" "-no-remote" "-profile" "C:\\Users\\wichu\\AppData\\Local\\Temp\\rust_mozprofile9b5pQX"
Can't find symbol 'eglSwapBuffersWithDamageEXT'.
Can't find symbol 'eglSetDamageRegionKHR'.
console.warn: SearchSettings: "get: No settings file exists, new profile?" (new Error("", "(unknown module)"))
1611029195735	Marionette	INFO	Listening on port 60534
1611029195803	Marionette	WARN	TLS certificate errors will be ignored for this session
JavaScript error: , line 0: NotFoundError: No such JSWindowActor 'MarionetteEvents'
JavaScript error: , line 0: NotFoundError: No such JSWindowActor 'MarionetteEvents'
JavaScript error: , line 0: NotFoundError: No such JSWindowActor 'MarionetteEvents'
console.error: "Error while calling actor 'pagestyle's method 'getApplied'" "node is null"
console.error: "getApplied@resource://devtools/server/actors/page-style.js:573:5\nhandler@resource://devtools/shared/protocol/Actor.js:172:37\nonPacket@resource://devtools/server/devtools-server-connection.js:379:58\nreceiveMessage@resource://devtools/shared/transport/child-transport.js:68:16\n"
JavaScript error: , line 0: NotFoundError: No such JSWindowActor 'MarionetteEvents'
JavaScript error: , line 0: NotFoundError: No such JSWindowActor 'MarionetteEvents'
console.error: "Error while calling actor 'pagestyle's method 'getApplied'" "node is null"
console.error: "getApplied@resource://devtools/server/actors/page-style.js:573:5\nhandler@resource://devtools/shared/protocol/Actor.js:172:37\nonPacket@resource://devtools/server/devtools-server-connection.js:379:58\nreceiveMessage@resource://devtools/shared/transport/child-transport.js:68:16\n"
JavaScript error: , line 0: NotFoundError: No such JSWindowActor 'MarionetteEvents'
JavaScript error: , line 0: NotFoundError: No such JSWindowActor 'MarionetteEvents'
JavaScript error: , line 0: NotFoundError: No such JSWindowActor 'MarionetteEvents'
JavaScript error: , line 0: NotFoundError: No such JSWindowActor 'MarionetteEvents'
JavaScript error: , line 0: NotFoundError: No such JSWindowActor 'MarionetteEvents'
JavaScript error: , line 0: NotFoundError: No such JSWindowActor 'MarionetteEvents'
JavaScript error: , line 0: NotFoundError: No such JSWindowActor 'MarionetteEvents'
JavaScript error: , line 0: NotFoundError: No such JSWindowActor 'MarionetteEvents'
JavaScript error: , line 0: NotFoundError: No such JSWindowActor 'MarionetteEvents'
JavaScript error: , line 0: NotFoundError: No such JSWindowActor 'MarionetteEvents'
JavaScript error: , line 0: NotFoundError: No such JSWindowActor 'MarionetteEvents'
JavaScript error: , line 0: NotFoundError: No such JSWindowActor 'MarionetteEvents'
console.error: "Panel inspector:" (new TypeError("event is undefined", "resource://devtools/client/shared/telemetry.js", 697))
JavaScript error: , line 0: NotFoundError: No such JSWindowActor 'MarionetteEvents'
JavaScript error: , line 0: NotFoundError: No such JSWindowActor 'MarionetteEvents'
JavaScript error: , line 0: NotFoundError: No such JSWindowActor 'MarionetteEvents'
JavaScript error: , line 0: NotFoundError: No such JSWindowActor 'MarionetteEvents'
1611039394484	Marionette	INFO	Stopped listening on port 60534
1611039492562	geckodriver	INFO	Listening on 127.0.0.1:61336
1611039495608	mozrunner::runner	INFO	Running command: "C:\\Program Files\\Mozilla Firefox\\firefox.exe" "--marionette" "-foreground" "-no-remote" "-profile" "C:\\Users\\wichu\\AppData\\Local\\Temp\\rust_mozprofileQFJerI"
Can't find symbol 'eglSwapBuffersWithDamageEXT'.
Can't find symbol 'eglSetDamageRegionKHR'.
console.warn: SearchSettings: "get: No settings file exists, new profile?" (new Error("", "(unknown module)"))
1611039498963	Marionette	INFO	Listening on port 61344
1611039499264	Marionette	WARN	TLS certificate errors will be ignored for this session
1611039518425	Marionette	INFO	Stopped listening on port 61344

###!!! [Child][RunMessage] Error: Channel closing: too late to send/recv, messages will be lost

1611039523204	geckodriver	INFO	Listening on 127.0.0.1:61398
1611039526251	mozrunner::runner	INFO	Running command: "C:\\Program Files\\Mozilla Firefox\\firefox.exe" "--marionette" "-foreground" "-no-remote" "-profile" "C:\\Users\\wichu\\AppData\\Local\\Temp\\rust_mozprofiletFeGwM"
Can't find symbol 'eglSwapBuffersWithDamageEXT'.
Can't find symbol 'eglSetDamageRegionKHR'.
console.warn: SearchSettings: "get: No settings file exists, new profile?" (new Error("", "(unknown module)"))
1611039529197	Marionette	INFO	Listening on port 61406
1611039529396	Marionette	WARN	TLS certificate errors will be ignored for this session
1611039697579	Marionette	INFO	Stopped listening on port 61406

###!!! [Child][RunMessage] Error: Channel closing: too late to send/recv, messages will be lost

1611039700007	geckodriver	INFO	Listening on 127.0.0.1:61463
1611039703064	mozrunner::runner	INFO	Running command: "C:\\Program Files\\Mozilla Firefox\\firefox.exe" "--marionette" "-foreground" "-no-remote" "-profile" "C:\\Users\\wichu\\AppData\\Local\\Temp\\rust_mozprofiler3LOXE"
Can't find symbol 'eglSwapBuffersWithDamageEXT'.
Can't find symbol 'eglSetDamageRegionKHR'.
console.warn: SearchSettings: "get: No settings file exists, new profile?" (new Error("", "(unknown module)"))
1611039706339	Marionette	INFO	Listening on port 61471
1611039706743	Marionette	WARN	TLS certificate errors will be ignored for this session
1611039741205	Marionette	INFO	Stopped listening on port 61471

###!!! [Child][RunMessage] Error: Channel closing: too late to send/recv, messages will be lost

1611039742576	geckodriver	INFO	Listening on 127.0.0.1:61523
1611039745617	mozrunner::runner	INFO	Running command: "C:\\Program Files\\Mozilla Firefox\\firefox.exe" "--marionette" "-foreground" "-no-remote" "-profile" "C:\\Users\\wichu\\AppData\\Local\\Temp\\rust_mozprofileWEeQya"
Can't find symbol 'eglSwapBuffersWithDamageEXT'.
Can't find symbol 'eglSetDamageRegionKHR'.
console.warn: SearchSettings: "get: No settings file exists, new profile?" (new Error("", "(unknown module)"))
1611039748928	Marionette	INFO	Listening on port 61533
1611039749272	Marionette	WARN	TLS certificate errors will be ignored for this session
1611040165881	Marionette	INFO	Stopped listening on port 61533

###!!! [Child][RunMessage] Error: Channel closing: too late to send/recv, messages will be lost

1611040168587	geckodriver	INFO	Listening on 127.0.0.1:61614
1611040171641	mozrunner::runner	INFO	Running command: "C:\\Program Files\\Mozilla Firefox\\firefox.exe" "--marionette" "-foreground" "-no-remote" "-profile" "C:\\Users\\wichu\\AppData\\Local\\Temp\\rust_mozprofileuuCnLj"
Can't find symbol 'eglSwapBuffersWithDamageEXT'.
Can't find symbol 'eglSetDamageRegionKHR'.
console.warn: SearchSettings: "get: No settings file exists, new profile?" (new Error("", "(unknown module)"))
1611040175075	Marionette	INFO	Listening on port 61622
1611040175304	Marionette	WARN	TLS certificate errors will be ignored for this session
1611040322636	Marionette	INFO	Stopped listening on port 61622

###!!! [Child][RunMessage] Error: Channel closing: too late to send/recv, messages will be lost

1611040467331	geckodriver	INFO	Listening on 127.0.0.1:61736
1611040470377	mozrunner::runner	INFO	Running command: "C:\\Program Files\\Mozilla Firefox\\firefox.exe" "--marionette" "-foreground" "-no-remote" "-profile" "C:\\Users\\wichu\\AppData\\Local\\Temp\\rust_mozprofileQpKcZ6"
Can't find symbol 'eglSwapBuffersWithDamageEXT'.
Can't find symbol 'eglSetDamageRegionKHR'.
console.warn: SearchSettings: "get: No settings file exists, new profile?" (new Error("", "(unknown module)"))
1611040473443	Marionette	INFO	Listening on port 61744
1611040473539	Marionette	WARN	TLS certificate errors will be ignored for this session
1611040488983	Marionette	INFO	Stopped listening on port 61744

###!!! [Child][RunMessage] Error: Channel closing: too late to send/recv, messages will be lost

1611040610641	geckodriver	INFO	Listening on 127.0.0.1:61798
1611040613694	mozrunner::runner	INFO	Running command: "C:\\Program Files\\Mozilla Firefox\\firefox.exe" "--marionette" "-foreground" "-no-remote" "-profile" "C:\\Users\\wichu\\AppData\\Local\\Temp\\rust_mozprofilegTpgEj"
Can't find symbol 'eglSwapBuffersWithDamageEXT'.
Can't find symbol 'eglSetDamageRegionKHR'.
console.warn: SearchSettings: "get: No settings file exists, new profile?" (new Error("", "(unknown module)"))
1611040616649	Marionette	INFO	Listening on port 61807
1611040616845	Marionette	WARN	TLS certificate errors will be ignored for this session
1611042517865	Marionette	INFO	Stopped listening on port 61807

###!!! [Child][RunMessage] Error: Channel closing: too late to send/recv, messages will be lost

1611042826984	geckodriver	INFO	Listening on 127.0.0.1:62202
1611042830042	mozrunner::runner	INFO	Running command: "C:\\Program Files\\Mozilla Firefox\\firefox.exe" "--marionette" "-foreground" "-no-remote" "-profile" "C:\\Users\\wichu\\AppData\\Local\\Temp\\rust_mozprofileWYndgA"
Can't find symbol 'eglSwapBuffersWithDamageEXT'.
Can't find symbol 'eglSetDamageRegionKHR'.
console.warn: SearchSettings: "get: No settings file exists, new profile?" (new Error("", "(unknown module)"))
1611042831893	Marionette	INFO	Listening on port 62210
1611042832073	Marionette	WARN	TLS certificate errors will be ignored for this session
1611042852566	Marionette	INFO	Stopped listening on port 62210

###!!! [Child][RunMessage] Error: Channel closing: too late to send/recv, messages will be lost

1611042856182	geckodriver	INFO	Listening on 127.0.0.1:62250
1611042859243	mozrunner::runner	INFO	Running command: "C:\\Program Files\\Mozilla Firefox\\firefox.exe" "--marionette" "-foreground" "-no-remote" "-profile" "C:\\Users\\wichu\\AppData\\Local\\Temp\\rust_mozprofileMEM3le"
Can't find symbol 'eglSwapBuffersWithDamageEXT'.
Can't find symbol 'eglSetDamageRegionKHR'.
console.warn: SearchSettings: "get: No settings file exists, new profile?" (new Error("", "(unknown module)"))
1611042861083	Marionette	INFO	Listening on port 62258
1611042861269	Marionette	WARN	TLS certificate errors will be ignored for this session
JavaScript error: , line 0: NotFoundError: No such JSWindowActor 'MarionetteEvents'
JavaScript error: , line 0: NotFoundError: No such JSWindowActor 'MarionetteEvents'
JavaScript error: , line 0: NotFoundError: No such JSWindowActor 'MarionetteEvents'
JavaScript error: , line 0: NotFoundError: No such JSWindowActor 'MarionetteEvents'
JavaScript error: , line 0: NotFoundError: No such JSWindowActor 'MarionetteEvents'
JavaScript error: , line 0: NotFoundError: No such JSWindowActor 'MarionetteEvents'
JavaScript error: , line 0: NotFoundError: No such JSWindowActor 'MarionetteEvents'
JavaScript error: , line 0: NotFoundError: No such JSWindowActor 'MarionetteEvents'
JavaScript error: , line 0: NotFoundError: No such JSWindowActor 'MarionetteEvents'
JavaScript error: , line 0: NotFoundError: No such JSWindowActor 'MarionetteEvents'
JavaScript error: , line 0: NotFoundError: No such JSWindowActor 'MarionetteEvents'
JavaScript error: , line 0: NotFoundError: No such JSWindowActor 'MarionetteEvents'
JavaScript error: , line 0: NotFoundError: No such JSWindowActor 'MarionetteEvents'
JavaScript error: , line 0: NotFoundError: No such JSWindowActor 'MarionetteEvents'
1611043656676	Marionette	INFO	Stopped listening on port 62258

###!!! [Child][RunMessage] Error: Channel closing: too late to send/recv, messages will be lost

